[
  {
    "Plan": {
      "Node Type": "Aggregate",
      "Strategy": "Sorted",
      "Partial Mode": "Simple",
      "Parallel Aware": false,
      "Async Capable": false,
      "Startup Cost": 0.29,
      "Total Cost": 1212.69,
      "Plan Rows": 18998,
      "Plan Width": 16,
      "Actual Startup Time": 0.096,
      "Actual Total Time": 11.449,
      "Actual Rows": 318,
      "Actual Loops": 1,
      "Group Key": ["(time_bucket('00:01:00'::interval, sensor_wide.\"time\"))"],
      "Shared Hit Blocks": 349,
      "Shared Read Blocks": 0,
      "Shared Dirtied Blocks": 0,
      "Shared Written Blocks": 0,
      "Local Hit Blocks": 0,
      "Local Read Blocks": 0,
      "Local Dirtied Blocks": 0,
      "Local Written Blocks": 0,
      "Temp Read Blocks": 0,
      "Temp Written Blocks": 0,
      "Plans": [
        {
          "Node Type": "Result",
          "Parent Relationship": "Outer",
          "Parallel Aware": false,
          "Async Capable": false,
          "Startup Cost": 0.29,
          "Total Cost": 832.74,
          "Plan Rows": 18998,
          "Plan Width": 16,
          "Actual Startup Time": 0.056,
          "Actual Total Time": 9.218,
          "Actual Rows": 19037,
          "Actual Loops": 1,
          "Shared Hit Blocks": 349,
          "Shared Read Blocks": 0,
          "Shared Dirtied Blocks": 0,
          "Shared Written Blocks": 0,
          "Local Hit Blocks": 0,
          "Local Read Blocks": 0,
          "Local Dirtied Blocks": 0,
          "Local Written Blocks": 0,
          "Temp Read Blocks": 0,
          "Temp Written Blocks": 0,
          "Plans": [
            {
              "Node Type": "Custom Scan",
              "Parent Relationship": "Outer",
              "Custom Plan Provider": "ChunkAppend",
              "Parallel Aware": false,
              "Async Capable": false,
              "Relation Name": "sensor_wide",
              "Alias": "sensor_wide",
              "Startup Cost": 0.29,
              "Total Cost": 595.26,
              "Plan Rows": 18998,
              "Plan Width": 16,
              "Actual Startup Time": 0.055,
              "Actual Total Time": 7.427,
              "Actual Rows": 19037,
              "Actual Loops": 1,
              "Order": ["time_bucket('00:01:00'::interval, sensor_wide.\"time\")"],
              "Startup Exclusion": true,
              "Runtime Exclusion": false,
              "Chunks excluded during startup": 0,
              "Shared Hit Blocks": 349,
              "Shared Read Blocks": 0,
              "Shared Dirtied Blocks": 0,
              "Shared Written Blocks": 0,
              "Local Hit Blocks": 0,
              "Local Read Blocks": 0,
              "Local Dirtied Blocks": 0,
              "Local Written Blocks": 0,
              "Temp Read Blocks": 0,
              "Temp Written Blocks": 0,
              "Plans": [
                {
                  "Node Type": "Index Scan",
                  "Parent Relationship": "child",
                  "Parallel Aware": false,
                  "Async Capable": false,
                  "Scan Direction": "Backward",
                  "Index Name": "_hyper_2_12_chunk_sensor_wide_time_idx",
                  "Relation Name": "_hyper_2_12_chunk",
                  "Alias": "_hyper_2_12_chunk",
                  "Startup Cost": 0.29,
                  "Total Cost": 595.26,
                  "Plan Rows": 18998,
                  "Plan Width": 16,
                  "Actual Startup Time": 0.054,
                  "Actual Total Time": 5.932,
                  "Actual Rows": 19037,
                  "Actual Loops": 1,
                  "Index Cond": "(\"time\" > (now() - '06:00:00'::interval))",
                  "Rows Removed by Index Recheck": 0,
                  "Shared Hit Blocks": 349,
                  "Shared Read Blocks": 0,
                  "Shared Dirtied Blocks": 0,
                  "Shared Written Blocks": 0,
                  "Local Hit Blocks": 0,
                  "Local Read Blocks": 0,
                  "Local Dirtied Blocks": 0,
                  "Local Written Blocks": 0,
                  "Temp Read Blocks": 0,
                  "Temp Written Blocks": 0
                }
              ]
            }
          ]
        }
      ]
    },
    "Planning": {
      "Shared Hit Blocks": 793,
      "Shared Read Blocks": 0,
      "Shared Dirtied Blocks": 0,
      "Shared Written Blocks": 0,
      "Local Hit Blocks": 0,
      "Local Read Blocks": 0,
      "Local Dirtied Blocks": 0,
      "Local Written Blocks": 0,
      "Temp Read Blocks": 0,
      "Temp Written Blocks": 0
    },
    "Planning Time": 9.674,
    "Triggers": [
    ],
    "Execution Time": 11.697
  }
]
