[
  {
    "Plan": {
      "Node Type": "Aggregate",
      "Strategy": "Hashed",
      "Partial Mode": "Simple",
      "Parallel Aware": false,
      "Async Capable": false,
      "Startup Cost": 43534.27,
      "Total Cost": 43830.46,
      "Plan Rows": 19746,
      "Plan Width": 16,
      "Actual Startup Time": 123.724,
      "Actual Total Time": 134.206,
      "Actual Rows": 318,
      "Actual Loops": 1,
      "Group Key": ["(time_bucket('00:01:00'::interval, \"time\"))"],
      "Planned Partitions": 0,
      "HashAgg Batches": 1,
      "Peak Memory Usage": 465,
      "Disk Usage": 0,
      "Shared Hit Blocks": 21076,
      "Shared Read Blocks": 0,
      "Shared Dirtied Blocks": 0,
      "Shared Written Blocks": 0,
      "Local Hit Blocks": 0,
      "Local Read Blocks": 0,
      "Local Dirtied Blocks": 0,
      "Local Written Blocks": 0,
      "Temp Read Blocks": 0,
      "Temp Written Blocks": 0,
      "Plans": [
        {
          "Node Type": "Gather",
          "Parent Relationship": "Outer",
          "Parallel Aware": false,
          "Async Capable": false,
          "Startup Cost": 1000.00,
          "Total Cost": 43434.87,
          "Plan Rows": 19880,
          "Plan Width": 16,
          "Actual Startup Time": 115.339,
          "Actual Total Time": 130.446,
          "Actual Rows": 19037,
          "Actual Loops": 1,
          "Workers Planned": 3,
          "Workers Launched": 3,
          "Single Copy": false,
          "Shared Hit Blocks": 21076,
          "Shared Read Blocks": 0,
          "Shared Dirtied Blocks": 0,
          "Shared Written Blocks": 0,
          "Local Hit Blocks": 0,
          "Local Read Blocks": 0,
          "Local Dirtied Blocks": 0,
          "Local Written Blocks": 0,
          "Temp Read Blocks": 0,
          "Temp Written Blocks": 0,
          "Plans": [
            {
              "Node Type": "Seq Scan",
              "Parent Relationship": "Outer",
              "Parallel Aware": true,
              "Async Capable": false,
              "Relation Name": "sensor_plain",
              "Alias": "sensor_plain",
              "Startup Cost": 0.00,
              "Total Cost": 40446.87,
              "Plan Rows": 6413,
              "Plan Width": 16,
              "Actual Startup Time": 108.022,
              "Actual Total Time": 113.053,
              "Actual Rows": 4759,
              "Actual Loops": 4,
              "Filter": "((metric = 'cpu'::text) AND (\"time\" > (now() - '06:00:00'::interval)))",
              "Rows Removed by Filter": 745241,
              "Shared Hit Blocks": 21076,
              "Shared Read Blocks": 0,
              "Shared Dirtied Blocks": 0,
              "Shared Written Blocks": 0,
              "Local Hit Blocks": 0,
              "Local Read Blocks": 0,
              "Local Dirtied Blocks": 0,
              "Local Written Blocks": 0,
              "Temp Read Blocks": 0,
              "Temp Written Blocks": 0,
              "Workers": [
              ]
            }
          ]
        }
      ]
    },
    "Planning": {
      "Shared Hit Blocks": 491,
      "Shared Read Blocks": 0,
      "Shared Dirtied Blocks": 0,
      "Shared Written Blocks": 0,
      "Local Hit Blocks": 0,
      "Local Read Blocks": 0,
      "Local Dirtied Blocks": 0,
      "Local Written Blocks": 0,
      "Temp Read Blocks": 0,
      "Temp Written Blocks": 0
    },
    "Planning Time": 4.935,
    "Triggers": [
    ],
    "Execution Time": 134.637
  }
]
