[
  {
    "Plan": {
      "Node Type": "Aggregate",
      "Strategy": "Sorted",
      "Partial Mode": "Simple",
      "Parallel Aware": false,
      "Async Capable": false,
      "Startup Cost": 0.42,
      "Total Cost": 2896.62,
      "Plan Rows": 6313,
      "Plan Width": 16,
      "Actual Startup Time": 0.143,
      "Actual Total Time": 14.058,
      "Actual Rows": 318,
      "Actual Loops": 1,
      "Group Key": ["(time_bucket('00:01:00'::interval, sensor_readings.\"time\"))"],
      "Shared Hit Blocks": 490,
      "Shared Read Blocks": 0,
      "Shared Dirtied Blocks": 0,
      "Shared Written Blocks": 0,
      "Local Hit Blocks": 0,
      "Local Read Blocks": 0,
      "Local Dirtied Blocks": 0,
      "Local Written Blocks": 0,
      "Temp Read Blocks": 0,
      "Temp Written Blocks": 0,
      "Plans": [
        {
          "Node Type": "Result",
          "Parent Relationship": "Outer",
          "Parallel Aware": false,
          "Async Capable": false,
          "Startup Cost": 0.42,
          "Total Cost": 2707.65,
          "Plan Rows": 18855,
          "Plan Width": 16,
          "Actual Startup Time": 0.077,
          "Actual Total Time": 11.999,
          "Actual Rows": 19038,
          "Actual Loops": 1,
          "Shared Hit Blocks": 490,
          "Shared Read Blocks": 0,
          "Shared Dirtied Blocks": 0,
          "Shared Written Blocks": 0,
          "Local Hit Blocks": 0,
          "Local Read Blocks": 0,
          "Local Dirtied Blocks": 0,
          "Local Written Blocks": 0,
          "Temp Read Blocks": 0,
          "Temp Written Blocks": 0,
          "Plans": [
            {
              "Node Type": "Custom Scan",
              "Parent Relationship": "Outer",
              "Custom Plan Provider": "ChunkAppend",
              "Parallel Aware": false,
              "Async Capable": false,
              "Relation Name": "sensor_readings",
              "Alias": "sensor_readings",
              "Startup Cost": 0.42,
              "Total Cost": 2471.96,
              "Plan Rows": 18855,
              "Plan Width": 16,
              "Actual Startup Time": 0.076,
              "Actual Total Time": 10.501,
              "Actual Rows": 19038,
              "Actual Loops": 1,
              "Order": ["time_bucket('00:01:00'::interval, sensor_readings.\"time\")"],
              "Startup Exclusion": true,
              "Runtime Exclusion": false,
              "Chunks excluded during startup": 0,
              "Shared Hit Blocks": 490,
              "Shared Read Blocks": 0,
              "Shared Dirtied Blocks": 0,
              "Shared Written Blocks": 0,
              "Local Hit Blocks": 0,
              "Local Read Blocks": 0,
              "Local Dirtied Blocks": 0,
              "Local Written Blocks": 0,
              "Temp Read Blocks": 0,
              "Temp Written Blocks": 0,
              "Plans": [
                {
                  "Node Type": "Index Scan",
                  "Parent Relationship": "child",
                  "Parallel Aware": false,
                  "Async Capable": false,
                  "Scan Direction": "Forward",
                  "Index Name": "24_24_sensor_readings_pkey",
                  "Relation Name": "_hyper_1_24_chunk",
                  "Alias": "_hyper_1_24_chunk",
                  "Startup Cost": 0.42,
                  "Total Cost": 2471.96,
                  "Plan Rows": 18855,
                  "Plan Width": 16,
                  "Actual Startup Time": 0.075,
                  "Actual Total Time": 9.114,
                  "Actual Rows": 19038,
                  "Actual Loops": 1,
                  "Index Cond": "((\"time\" > (now() - '06:00:00'::interval)) AND (metric = 'cpu'::text))",
                  "Rows Removed by Index Recheck": 0,
                  "Shared Hit Blocks": 490,
                  "Shared Read Blocks": 0,
                  "Shared Dirtied Blocks": 0,
                  "Shared Written Blocks": 0,
                  "Local Hit Blocks": 0,
                  "Local Read Blocks": 0,
                  "Local Dirtied Blocks": 0,
                  "Local Written Blocks": 0,
                  "Temp Read Blocks": 0,
                  "Temp Written Blocks": 0
                }
              ]
            }
          ]
        }
      ]
    },
    "Planning": {
      "Shared Hit Blocks": 823,
      "Shared Read Blocks": 0,
      "Shared Dirtied Blocks": 0,
      "Shared Written Blocks": 0,
      "Local Hit Blocks": 0,
      "Local Read Blocks": 0,
      "Local Dirtied Blocks": 0,
      "Local Written Blocks": 0,
      "Temp Read Blocks": 0,
      "Temp Written Blocks": 0
    },
    "Planning Time": 9.517,
    "Triggers": [
    ],
    "Execution Time": 14.277
  }
]
