[
  {
    "Plan": {
      "Node Type": "Unique",
      "Parallel Aware": false,
      "Async Capable": false,
      "Startup Cost": 5.22,
      "Total Cost": 28.68,
      "Plan Rows": 5,
      "Plan Width": 20,
      "Actual Startup Time": 0.563,
      "Actual Total Time": 1.243,
      "Actual Rows": 5,
      "Actual Loops": 1,
      "Shared Hit Blocks": 276,
      "Shared Read Blocks": 0,
      "Shared Dirtied Blocks": 0,
      "Shared Written Blocks": 0,
      "Local Hit Blocks": 0,
      "Local Read Blocks": 0,
      "Local Dirtied Blocks": 0,
      "Local Written Blocks": 0,
      "Temp Read Blocks": 0,
      "Temp Written Blocks": 0,
      "Plans": [
        {
          "Node Type": "Merge Append",
          "Parent Relationship": "Outer",
          "Parallel Aware": false,
          "Async Capable": false,
          "Startup Cost": 5.22,
          "Total Cost": 28.53,
          "Plan Rows": 60,
          "Plan Width": 20,
          "Actual Startup Time": 0.562,
          "Actual Total Time": 1.228,
          "Actual Rows": 60,
          "Actual Loops": 1,
          "Sort Key": ["sensor_wide.device_id", "sensor_wide.\"time\" DESC"],
          "Shared Hit Blocks": 276,
          "Shared Read Blocks": 0,
          "Shared Dirtied Blocks": 0,
          "Shared Written Blocks": 0,
          "Local Hit Blocks": 0,
          "Local Read Blocks": 0,
          "Local Dirtied Blocks": 0,
          "Local Written Blocks": 0,
          "Temp Read Blocks": 0,
          "Temp Written Blocks": 0,
          "Subplans Removed": 0,
          "Plans": [
            {
              "Node Type": "Custom Scan",
              "Parent Relationship": "Member",
              "Custom Plan Provider": "SkipScan",
              "Parallel Aware": false,
              "Async Capable": false,
              "Relation Name": "_hyper_2_1_chunk",
              "Alias": "_hyper_2_1_chunk",
              "Startup Cost": 0.42,
              "Total Cost": 2.25,
              "Plan Rows": 5,
              "Plan Width": 20,
              "Actual Startup Time": 0.047,
              "Actual Total Time": 0.091,
              "Actual Rows": 5,
              "Actual Loops": 1,
              "Shared Hit Blocks": 23,
              "Shared Read Blocks": 0,
              "Shared Dirtied Blocks": 0,
              "Shared Written Blocks": 0,
              "Local Hit Blocks": 0,
              "Local Read Blocks": 0,
              "Local Dirtied Blocks": 0,
              "Local Written Blocks": 0,
              "Temp Read Blocks": 0,
              "Temp Written Blocks": 0,
              "Plans": [
                {
                  "Node Type": "Index Scan",
                  "Parent Relationship": "child",
                  "Parallel Aware": false,
                  "Async Capable": false,
                  "Scan Direction": "Forward",
                  "Index Name": "_hyper_2_1_chunk_idx_sensor_wide_device_time",
                  "Relation Name": "_hyper_2_1_chunk",
                  "Alias": "_hyper_2_1_chunk",
                  "Startup Cost": 0.42,
                  "Total Cost": 2410.98,
                  "Plan Rows": 75948,
                  "Plan Width": 20,
                  "Actual Startup Time": 0.045,
                  "Actual Total Time": 0.086,
                  "Actual Rows": 5,
                  "Actual Loops": 1,
                  "Shared Hit Blocks": 23,
                  "Shared Read Blocks": 0,
                  "Shared Dirtied Blocks": 0,
                  "Shared Written Blocks": 0,
                  "Local Hit Blocks": 0,
                  "Local Read Blocks": 0,
                  "Local Dirtied Blocks": 0,
                  "Local Written Blocks": 0,
                  "Temp Read Blocks": 0,
                  "Temp Written Blocks": 0
                }
              ]
            },
            {
              "Node Type": "Custom Scan",
              "Parent Relationship": "Member",
              "Custom Plan Provider": "SkipScan",
              "Parallel Aware": false,
              "Async Capable": false,
              "Relation Name": "_hyper_2_2_chunk",
              "Alias": "_hyper_2_2_chunk",
              "Startup Cost": 0.42,
              "Total Cost": 2.25,
              "Plan Rows": 5,
              "Plan Width": 20,
              "Actual Startup Time": 0.066,
              "Actual Total Time": 0.133,
              "Actual Rows": 5,
              "Actual Loops": 1,
              "Shared Hit Blocks": 23,
              "Shared Read Blocks": 0,
              "Shared Dirtied Blocks": 0,
              "Shared Written Blocks": 0,
              "Local Hit Blocks": 0,
              "Local Read Blocks": 0,
              "Local Dirtied Blocks": 0,
              "Local Written Blocks": 0,
              "Temp Read Blocks": 0,
              "Temp Written Blocks": 0,
              "Plans": [
                {
                  "Node Type": "Index Scan",
                  "Parent Relationship": "child",
                  "Parallel Aware": false,
                  "Async Capable": false,
                  "Scan Direction": "Forward",
                  "Index Name": "_hyper_2_2_chunk_idx_sensor_wide_device_time",
                  "Relation Name": "_hyper_2_2_chunk",
                  "Alias": "_hyper_2_2_chunk",
                  "Startup Cost": 0.42,
                  "Total Cost": 2742.41,
                  "Plan Rows": 86400,
                  "Plan Width": 20,
                  "Actual Startup Time": 0.065,
                  "Actual Total Time": 0.130,
                  "Actual Rows": 5,
                  "Actual Loops": 1,
                  "Shared Hit Blocks": 23,
                  "Shared Read Blocks": 0,
                  "Shared Dirtied Blocks": 0,
                  "Shared Written Blocks": 0,
                  "Local Hit Blocks": 0,
                  "Local Read Blocks": 0,
                  "Local Dirtied Blocks": 0,
                  "Local Written Blocks": 0,
                  "Temp Read Blocks": 0,
                  "Temp Written Blocks": 0
                }
              ]
            },
            {
              "Node Type": "Custom Scan",
              "Parent Relationship": "Member",
              "Custom Plan Provider": "SkipScan",
              "Parallel Aware": false,
              "Async Capable": false,
              "Relation Name": "_hyper_2_3_chunk",
              "Alias": "_hyper_2_3_chunk",
              "Startup Cost": 0.42,
              "Total Cost": 2.25,
              "Plan Rows": 5,
              "Plan Width": 20,
              "Actual Startup Time": 0.071,
              "Actual Total Time": 0.110,
              "Actual Rows": 5,
              "Actual Loops": 1,
              "Shared Hit Blocks": 23,
              "Shared Read Blocks": 0,
              "Shared Dirtied Blocks": 0,
              "Shared Written Blocks": 0,
              "Local Hit Blocks": 0,
              "Local Read Blocks": 0,
              "Local Dirtied Blocks": 0,
              "Local Written Blocks": 0,
              "Temp Read Blocks": 0,
              "Temp Written Blocks": 0,
              "Plans": [
                {
                  "Node Type": "Index Scan",
                  "Parent Relationship": "child",
                  "Parallel Aware": false,
                  "Async Capable": false,
                  "Scan Direction": "Forward",
                  "Index Name": "_hyper_2_3_chunk_idx_sensor_wide_device_time",
                  "Relation Name": "_hyper_2_3_chunk",
                  "Alias": "_hyper_2_3_chunk",
                  "Startup Cost": 0.42,
                  "Total Cost": 2742.26,
                  "Plan Rows": 86400,
                  "Plan Width": 20,
                  "Actual Startup Time": 0.070,
                  "Actual Total Time": 0.108,
                  "Actual Rows": 5,
                  "Actual Loops": 1,
                  "Shared Hit Blocks": 23,
                  "Shared Read Blocks": 0,
                  "Shared Dirtied Blocks": 0,
                  "Shared Written Blocks": 0,
                  "Local Hit Blocks": 0,
                  "Local Read Blocks": 0,
                  "Local Dirtied Blocks": 0,
                  "Local Written Blocks": 0,
                  "Temp Read Blocks": 0,
                  "Temp Written Blocks": 0
                }
              ]
            },
            {
              "Node Type": "Custom Scan",
              "Parent Relationship": "Member",
              "Custom Plan Provider": "SkipScan",
              "Parallel Aware": false,
              "Async Capable": false,
              "Relation Name": "_hyper_2_4_chunk",
              "Alias": "_hyper_2_4_chunk",
              "Startup Cost": 0.42,
              "Total Cost": 2.25,
              "Plan Rows": 5,
              "Plan Width": 20,
              "Actual Startup Time": 0.030,
              "Actual Total Time": 0.081,
              "Actual Rows": 5,
              "Actual Loops": 1,
              "Shared Hit Blocks": 23,
              "Shared Read Blocks": 0,
              "Shared Dirtied Blocks": 0,
              "Shared Written Blocks": 0,
              "Local Hit Blocks": 0,
              "Local Read Blocks": 0,
              "Local Dirtied Blocks": 0,
              "Local Written Blocks": 0,
              "Temp Read Blocks": 0,
              "Temp Written Blocks": 0,
              "Plans": [
                {
                  "Node Type": "Index Scan",
                  "Parent Relationship": "child",
                  "Parallel Aware": false,
                  "Async Capable": false,
                  "Scan Direction": "Forward",
                  "Index Name": "_hyper_2_4_chunk_idx_sensor_wide_device_time",
                  "Relation Name": "_hyper_2_4_chunk",
                  "Alias": "_hyper_2_4_chunk",
                  "Startup Cost": 0.42,
                  "Total Cost": 2742.44,
                  "Plan Rows": 86400,
                  "Plan Width": 20,
                  "Actual Startup Time": 0.030,
                  "Actual Total Time": 0.078,
                  "Actual Rows": 5,
                  "Actual Loops": 1,
                  "Shared Hit Blocks": 23,
                  "Shared Read Blocks": 0,
                  "Shared Dirtied Blocks": 0,
                  "Shared Written Blocks": 0,
                  "Local Hit Blocks": 0,
                  "Local Read Blocks": 0,
                  "Local Dirtied Blocks": 0,
                  "Local Written Blocks": 0,
                  "Temp Read Blocks": 0,
                  "Temp Written Blocks": 0
                }
              ]
            },
            {
              "Node Type": "Custom Scan",
              "Parent Relationship": "Member",
              "Custom Plan Provider": "SkipScan",
              "Parallel Aware": false,
              "Async Capable": false,
              "Relation Name": "_hyper_2_5_chunk",
              "Alias": "_hyper_2_5_chunk",
              "Startup Cost": 0.42,
              "Total Cost": 2.25,
              "Plan Rows": 5,
              "Plan Width": 20,
              "Actual Startup Time": 0.052,
              "Actual Total Time": 0.148,
              "Actual Rows": 5,
              "Actual Loops": 1,
              "Shared Hit Blocks": 23,
              "Shared Read Blocks": 0,
              "Shared Dirtied Blocks": 0,
              "Shared Written Blocks": 0,
              "Local Hit Blocks": 0,
              "Local Read Blocks": 0,
              "Local Dirtied Blocks": 0,
              "Local Written Blocks": 0,
              "Temp Read Blocks": 0,
              "Temp Written Blocks": 0,
              "Plans": [
                {
                  "Node Type": "Index Scan",
                  "Parent Relationship": "child",
                  "Parallel Aware": false,
                  "Async Capable": false,
                  "Scan Direction": "Forward",
                  "Index Name": "_hyper_2_5_chunk_idx_sensor_wide_device_time",
                  "Relation Name": "_hyper_2_5_chunk",
                  "Alias": "_hyper_2_5_chunk",
                  "Startup Cost": 0.42,
                  "Total Cost": 2742.43,
                  "Plan Rows": 86400,
                  "Plan Width": 20,
                  "Actual Startup Time": 0.051,
                  "Actual Total Time": 0.145,
                  "Actual Rows": 5,
                  "Actual Loops": 1,
                  "Shared Hit Blocks": 23,
                  "Shared Read Blocks": 0,
                  "Shared Dirtied Blocks": 0,
                  "Shared Written Blocks": 0,
                  "Local Hit Blocks": 0,
                  "Local Read Blocks": 0,
                  "Local Dirtied Blocks": 0,
                  "Local Written Blocks": 0,
                  "Temp Read Blocks": 0,
                  "Temp Written Blocks": 0
                }
              ]
            },
            {
              "Node Type": "Custom Scan",
              "Parent Relationship": "Member",
              "Custom Plan Provider": "SkipScan",
              "Parallel Aware": false,
              "Async Capable": false,
              "Relation Name": "_hyper_2_6_chunk",
              "Alias": "_hyper_2_6_chunk",
              "Startup Cost": 0.42,
              "Total Cost": 2.25,
              "Plan Rows": 5,
              "Plan Width": 20,
              "Actual Startup Time": 0.036,
              "Actual Total Time": 0.104,
              "Actual Rows": 5,
              "Actual Loops": 1,
              "Shared Hit Blocks": 23,
              "Shared Read Blocks": 0,
              "Shared Dirtied Blocks": 0,
              "Shared Written Blocks": 0,
              "Local Hit Blocks": 0,
              "Local Read Blocks": 0,
              "Local Dirtied Blocks": 0,
              "Local Written Blocks": 0,
              "Temp Read Blocks": 0,
              "Temp Written Blocks": 0,
              "Plans": [
                {
                  "Node Type": "Index Scan",
                  "Parent Relationship": "child",
                  "Parallel Aware": false,
                  "Async Capable": false,
                  "Scan Direction": "Forward",
                  "Index Name": "_hyper_2_6_chunk_idx_sensor_wide_device_time",
                  "Relation Name": "_hyper_2_6_chunk",
                  "Alias": "_hyper_2_6_chunk",
                  "Startup Cost": 0.42,
                  "Total Cost": 2742.33,
                  "Plan Rows": 86400,
                  "Plan Width": 20,
                  "Actual Startup Time": 0.035,
                  "Actual Total Time": 0.102,
                  "Actual Rows": 5,
                  "Actual Loops": 1,
                  "Shared Hit Blocks": 23,
                  "Shared Read Blocks": 0,
                  "Shared Dirtied Blocks": 0,
                  "Shared Written Blocks": 0,
                  "Local Hit Blocks": 0,
                  "Local Read Blocks": 0,
                  "Local Dirtied Blocks": 0,
                  "Local Written Blocks": 0,
                  "Temp Read Blocks": 0,
                  "Temp Written Blocks": 0
                }
              ]
            },
            {
              "Node Type": "Custom Scan",
              "Parent Relationship": "Member",
              "Custom Plan Provider": "SkipScan",
              "Parallel Aware": false,
              "Async Capable": false,
              "Relation Name": "_hyper_2_7_chunk",
              "Alias": "_hyper_2_7_chunk",
              "Startup Cost": 0.42,
              "Total Cost": 2.25,
              "Plan Rows": 5,
              "Plan Width": 20,
              "Actual Startup Time": 0.040,
              "Actual Total Time": 0.114,
              "Actual Rows": 5,
              "Actual Loops": 1,
              "Shared Hit Blocks": 23,
              "Shared Read Blocks": 0,
              "Shared Dirtied Blocks": 0,
              "Shared Written Blocks": 0,
              "Local Hit Blocks": 0,
              "Local Read Blocks": 0,
              "Local Dirtied Blocks": 0,
              "Local Written Blocks": 0,
              "Temp Read Blocks": 0,
              "Temp Written Blocks": 0,
              "Plans": [
                {
                  "Node Type": "Index Scan",
                  "Parent Relationship": "child",
                  "Parallel Aware": false,
                  "Async Capable": false,
                  "Scan Direction": "Forward",
                  "Index Name": "_hyper_2_7_chunk_idx_sensor_wide_device_time",
                  "Relation Name": "_hyper_2_7_chunk",
                  "Alias": "_hyper_2_7_chunk",
                  "Startup Cost": 0.42,
                  "Total Cost": 2742.31,
                  "Plan Rows": 86400,
                  "Plan Width": 20,
                  "Actual Startup Time": 0.040,
                  "Actual Total Time": 0.112,
                  "Actual Rows": 5,
                  "Actual Loops": 1,
                  "Shared Hit Blocks": 23,
                  "Shared Read Blocks": 0,
                  "Shared Dirtied Blocks": 0,
                  "Shared Written Blocks": 0,
                  "Local Hit Blocks": 0,
                  "Local Read Blocks": 0,
                  "Local Dirtied Blocks": 0,
                  "Local Written Blocks": 0,
                  "Temp Read Blocks": 0,
                  "Temp Written Blocks": 0
                }
              ]
            },
            {
              "Node Type": "Custom Scan",
              "Parent Relationship": "Member",
              "Custom Plan Provider": "SkipScan",
              "Parallel Aware": false,
              "Async Capable": false,
              "Relation Name": "_hyper_2_8_chunk",
              "Alias": "_hyper_2_8_chunk",
              "Startup Cost": 0.42,
              "Total Cost": 2.25,
              "Plan Rows": 5,
              "Plan Width": 20,
              "Actual Startup Time": 0.059,
              "Actual Total Time": 0.099,
              "Actual Rows": 5,
              "Actual Loops": 1,
              "Shared Hit Blocks": 23,
              "Shared Read Blocks": 0,
              "Shared Dirtied Blocks": 0,
              "Shared Written Blocks": 0,
              "Local Hit Blocks": 0,
              "Local Read Blocks": 0,
              "Local Dirtied Blocks": 0,
              "Local Written Blocks": 0,
              "Temp Read Blocks": 0,
              "Temp Written Blocks": 0,
              "Plans": [
                {
                  "Node Type": "Index Scan",
                  "Parent Relationship": "child",
                  "Parallel Aware": false,
                  "Async Capable": false,
                  "Scan Direction": "Forward",
                  "Index Name": "_hyper_2_8_chunk_idx_sensor_wide_device_time",
                  "Relation Name": "_hyper_2_8_chunk",
                  "Alias": "_hyper_2_8_chunk",
                  "Startup Cost": 0.42,
                  "Total Cost": 2742.43,
                  "Plan Rows": 86400,
                  "Plan Width": 20,
                  "Actual Startup Time": 0.059,
                  "Actual Total Time": 0.096,
                  "Actual Rows": 5,
                  "Actual Loops": 1,
                  "Shared Hit Blocks": 23,
                  "Shared Read Blocks": 0,
                  "Shared Dirtied Blocks": 0,
                  "Shared Written Blocks": 0,
                  "Local Hit Blocks": 0,
                  "Local Read Blocks": 0,
                  "Local Dirtied Blocks": 0,
                  "Local Written Blocks": 0,
                  "Temp Read Blocks": 0,
                  "Temp Written Blocks": 0
                }
              ]
            },
            {
              "Node Type": "Custom Scan",
              "Parent Relationship": "Member",
              "Custom Plan Provider": "SkipScan",
              "Parallel Aware": false,
              "Async Capable": false,
              "Relation Name": "_hyper_2_9_chunk",
              "Alias": "_hyper_2_9_chunk",
              "Startup Cost": 0.42,
              "Total Cost": 2.25,
              "Plan Rows": 5,
              "Plan Width": 20,
              "Actual Startup Time": 0.038,
              "Actual Total Time": 0.076,
              "Actual Rows": 5,
              "Actual Loops": 1,
              "Shared Hit Blocks": 23,
              "Shared Read Blocks": 0,
              "Shared Dirtied Blocks": 0,
              "Shared Written Blocks": 0,
              "Local Hit Blocks": 0,
              "Local Read Blocks": 0,
              "Local Dirtied Blocks": 0,
              "Local Written Blocks": 0,
              "Temp Read Blocks": 0,
              "Temp Written Blocks": 0,
              "Plans": [
                {
                  "Node Type": "Index Scan",
                  "Parent Relationship": "child",
                  "Parallel Aware": false,
                  "Async Capable": false,
                  "Scan Direction": "Forward",
                  "Index Name": "_hyper_2_9_chunk_idx_sensor_wide_device_time",
                  "Relation Name": "_hyper_2_9_chunk",
                  "Alias": "_hyper_2_9_chunk",
                  "Startup Cost": 0.42,
                  "Total Cost": 2742.39,
                  "Plan Rows": 86400,
                  "Plan Width": 20,
                  "Actual Startup Time": 0.037,
                  "Actual Total Time": 0.074,
                  "Actual Rows": 5,
                  "Actual Loops": 1,
                  "Shared Hit Blocks": 23,
                  "Shared Read Blocks": 0,
                  "Shared Dirtied Blocks": 0,
                  "Shared Written Blocks": 0,
                  "Local Hit Blocks": 0,
                  "Local Read Blocks": 0,
                  "Local Dirtied Blocks": 0,
                  "Local Written Blocks": 0,
                  "Temp Read Blocks": 0,
                  "Temp Written Blocks": 0
                }
              ]
            },
            {
              "Node Type": "Custom Scan",
              "Parent Relationship": "Member",
              "Custom Plan Provider": "SkipScan",
              "Parallel Aware": false,
              "Async Capable": false,
              "Relation Name": "_hyper_2_10_chunk",
              "Alias": "_hyper_2_10_chunk",
              "Startup Cost": 0.42,
              "Total Cost": 2.25,
              "Plan Rows": 5,
              "Plan Width": 20,
              "Actual Startup Time": 0.056,
              "Actual Total Time": 0.094,
              "Actual Rows": 5,
              "Actual Loops": 1,
              "Shared Hit Blocks": 23,
              "Shared Read Blocks": 0,
              "Shared Dirtied Blocks": 0,
              "Shared Written Blocks": 0,
              "Local Hit Blocks": 0,
              "Local Read Blocks": 0,
              "Local Dirtied Blocks": 0,
              "Local Written Blocks": 0,
              "Temp Read Blocks": 0,
              "Temp Written Blocks": 0,
              "Plans": [
                {
                  "Node Type": "Index Scan",
                  "Parent Relationship": "child",
                  "Parallel Aware": false,
                  "Async Capable": false,
                  "Scan Direction": "Forward",
                  "Index Name": "_hyper_2_10_chunk_idx_sensor_wide_device_time",
                  "Relation Name": "_hyper_2_10_chunk",
                  "Alias": "_hyper_2_10_chunk",
                  "Startup Cost": 0.42,
                  "Total Cost": 2742.44,
                  "Plan Rows": 86400,
                  "Plan Width": 20,
                  "Actual Startup Time": 0.055,
                  "Actual Total Time": 0.091,
                  "Actual Rows": 5,
                  "Actual Loops": 1,
                  "Shared Hit Blocks": 23,
                  "Shared Read Blocks": 0,
                  "Shared Dirtied Blocks": 0,
                  "Shared Written Blocks": 0,
                  "Local Hit Blocks": 0,
                  "Local Read Blocks": 0,
                  "Local Dirtied Blocks": 0,
                  "Local Written Blocks": 0,
                  "Temp Read Blocks": 0,
                  "Temp Written Blocks": 0
                }
              ]
            },
            {
              "Node Type": "Custom Scan",
              "Parent Relationship": "Member",
              "Custom Plan Provider": "SkipScan",
              "Parallel Aware": false,
              "Async Capable": false,
              "Relation Name": "_hyper_2_11_chunk",
              "Alias": "_hyper_2_11_chunk",
              "Startup Cost": 0.42,
              "Total Cost": 2.25,
              "Plan Rows": 5,
              "Plan Width": 20,
              "Actual Startup Time": 0.036,
              "Actual Total Time": 0.077,
              "Actual Rows": 5,
              "Actual Loops": 1,
              "Shared Hit Blocks": 23,
              "Shared Read Blocks": 0,
              "Shared Dirtied Blocks": 0,
              "Shared Written Blocks": 0,
              "Local Hit Blocks": 0,
              "Local Read Blocks": 0,
              "Local Dirtied Blocks": 0,
              "Local Written Blocks": 0,
              "Temp Read Blocks": 0,
              "Temp Written Blocks": 0,
              "Plans": [
                {
                  "Node Type": "Index Scan",
                  "Parent Relationship": "child",
                  "Parallel Aware": false,
                  "Async Capable": false,
                  "Scan Direction": "Forward",
                  "Index Name": "_hyper_2_11_chunk_idx_sensor_wide_device_time",
                  "Relation Name": "_hyper_2_11_chunk",
                  "Alias": "_hyper_2_11_chunk",
                  "Startup Cost": 0.42,
                  "Total Cost": 2742.44,
                  "Plan Rows": 86400,
                  "Plan Width": 20,
                  "Actual Startup Time": 0.035,
                  "Actual Total Time": 0.075,
                  "Actual Rows": 5,
                  "Actual Loops": 1,
                  "Shared Hit Blocks": 23,
                  "Shared Read Blocks": 0,
                  "Shared Dirtied Blocks": 0,
                  "Shared Written Blocks": 0,
                  "Local Hit Blocks": 0,
                  "Local Read Blocks": 0,
                  "Local Dirtied Blocks": 0,
                  "Local Written Blocks": 0,
                  "Temp Read Blocks": 0,
                  "Temp Written Blocks": 0
                }
              ]
            },
            {
              "Node Type": "Custom Scan",
              "Parent Relationship": "Member",
              "Custom Plan Provider": "SkipScan",
              "Parallel Aware": false,
              "Async Capable": false,
              "Relation Name": "_hyper_2_12_chunk",
              "Alias": "_hyper_2_12_chunk",
              "Startup Cost": 0.41,
              "Total Cost": 2.23,
              "Plan Rows": 5,
              "Plan Width": 20,
              "Actual Startup Time": 0.028,
              "Actual Total Time": 0.073,
              "Actual Rows": 5,
              "Actual Loops": 1,
              "Shared Hit Blocks": 23,
              "Shared Read Blocks": 0,
              "Shared Dirtied Blocks": 0,
              "Shared Written Blocks": 0,
              "Local Hit Blocks": 0,
              "Local Read Blocks": 0,
              "Local Dirtied Blocks": 0,
              "Local Written Blocks": 0,
              "Temp Read Blocks": 0,
              "Temp Written Blocks": 0,
              "Plans": [
                {
                  "Node Type": "Index Scan",
                  "Parent Relationship": "child",
                  "Parallel Aware": false,
                  "Async Capable": false,
                  "Scan Direction": "Forward",
                  "Index Name": "_hyper_2_12_chunk_idx_sensor_wide_device_time",
                  "Relation Name": "_hyper_2_12_chunk",
                  "Alias": "_hyper_2_12_chunk",
                  "Startup Cost": 0.41,
                  "Total Cost": 1906.63,
                  "Plan Rows": 60052,
                  "Plan Width": 20,
                  "Actual Startup Time": 0.027,
                  "Actual Total Time": 0.070,
                  "Actual Rows": 5,
                  "Actual Loops": 1,
                  "Shared Hit Blocks": 23,
                  "Shared Read Blocks": 0,
                  "Shared Dirtied Blocks": 0,
                  "Shared Written Blocks": 0,
                  "Local Hit Blocks": 0,
                  "Local Read Blocks": 0,
                  "Local Dirtied Blocks": 0,
                  "Local Written Blocks": 0,
                  "Temp Read Blocks": 0,
                  "Temp Written Blocks": 0
                }
              ]
            }
          ]
        }
      ]
    },
    "Planning": {
      "Shared Hit Blocks": 1568,
      "Shared Read Blocks": 0,
      "Shared Dirtied Blocks": 0,
      "Shared Written Blocks": 0,
      "Local Hit Blocks": 0,
      "Local Read Blocks": 0,
      "Local Dirtied Blocks": 0,
      "Local Written Blocks": 0,
      "Temp Read Blocks": 0,
      "Temp Written Blocks": 0
    },
    "Planning Time": 19.226,
    "Triggers": [
    ],
    "Execution Time": 1.864
  }
]
