[
  {
    "Plan": {
      "Node Type": "Unique",
      "Parallel Aware": false,
      "Async Capable": false,
      "Startup Cost": 5.26,
      "Total Cost": 31.87,
      "Plan Rows": 5,
      "Plan Width": 20,
      "Actual Startup Time": 0.474,
      "Actual Total Time": 2.085,
      "Actual Rows": 5,
      "Actual Loops": 1,
      "Shared Hit Blocks": 299,
      "Shared Read Blocks": 0,
      "Shared Dirtied Blocks": 0,
      "Shared Written Blocks": 0,
      "Local Hit Blocks": 0,
      "Local Read Blocks": 0,
      "Local Dirtied Blocks": 0,
      "Local Written Blocks": 0,
      "Temp Read Blocks": 0,
      "Temp Written Blocks": 0,
      "Plans": [
        {
          "Node Type": "Merge Append",
          "Parent Relationship": "Outer",
          "Parallel Aware": false,
          "Async Capable": false,
          "Startup Cost": 5.26,
          "Total Cost": 31.72,
          "Plan Rows": 60,
          "Plan Width": 20,
          "Actual Startup Time": 0.473,
          "Actual Total Time": 2.066,
          "Actual Rows": 60,
          "Actual Loops": 1,
          "Sort Key": ["sensor_readings.device_id", "sensor_readings.\"time\" DESC"],
          "Shared Hit Blocks": 299,
          "Shared Read Blocks": 0,
          "Shared Dirtied Blocks": 0,
          "Shared Written Blocks": 0,
          "Local Hit Blocks": 0,
          "Local Read Blocks": 0,
          "Local Dirtied Blocks": 0,
          "Local Written Blocks": 0,
          "Temp Read Blocks": 0,
          "Temp Written Blocks": 0,
          "Subplans Removed": 0,
          "Plans": [
            {
              "Node Type": "Custom Scan",
              "Parent Relationship": "Member",
              "Custom Plan Provider": "SkipScan",
              "Parallel Aware": false,
              "Async Capable": false,
              "Relation Name": "_hyper_1_13_chunk",
              "Alias": "_hyper_1_13_chunk",
              "Startup Cost": 0.42,
              "Total Cost": 2.51,
              "Plan Rows": 5,
              "Plan Width": 20,
              "Actual Startup Time": 0.044,
              "Actual Total Time": 0.149,
              "Actual Rows": 5,
              "Actual Loops": 1,
              "Shared Hit Blocks": 23,
              "Shared Read Blocks": 0,
              "Shared Dirtied Blocks": 0,
              "Shared Written Blocks": 0,
              "Local Hit Blocks": 0,
              "Local Read Blocks": 0,
              "Local Dirtied Blocks": 0,
              "Local Written Blocks": 0,
              "Temp Read Blocks": 0,
              "Temp Written Blocks": 0,
              "Plans": [
                {
                  "Node Type": "Index Scan",
                  "Parent Relationship": "child",
                  "Parallel Aware": false,
                  "Async Capable": false,
                  "Scan Direction": "Forward",
                  "Index Name": "_hyper_1_13_chunk_idx_sensor_readings_device_metric_time",
                  "Relation Name": "_hyper_1_13_chunk",
                  "Alias": "_hyper_1_13_chunk",
                  "Startup Cost": 0.42,
                  "Total Cost": 6262.81,
                  "Plan Rows": 75599,
                  "Plan Width": 20,
                  "Actual Startup Time": 0.043,
                  "Actual Total Time": 0.145,
                  "Actual Rows": 5,
                  "Actual Loops": 1,
                  "Index Cond": "(metric = 'cpu'::text)",
                  "Rows Removed by Index Recheck": 0,
                  "Shared Hit Blocks": 23,
                  "Shared Read Blocks": 0,
                  "Shared Dirtied Blocks": 0,
                  "Shared Written Blocks": 0,
                  "Local Hit Blocks": 0,
                  "Local Read Blocks": 0,
                  "Local Dirtied Blocks": 0,
                  "Local Written Blocks": 0,
                  "Temp Read Blocks": 0,
                  "Temp Written Blocks": 0
                }
              ]
            },
            {
              "Node Type": "Custom Scan",
              "Parent Relationship": "Member",
              "Custom Plan Provider": "SkipScan",
              "Parallel Aware": false,
              "Async Capable": false,
              "Relation Name": "_hyper_1_14_chunk",
              "Alias": "_hyper_1_14_chunk",
              "Startup Cost": 0.42,
              "Total Cost": 2.51,
              "Plan Rows": 5,
              "Plan Width": 20,
              "Actual Startup Time": 0.031,
              "Actual Total Time": 0.147,
              "Actual Rows": 5,
              "Actual Loops": 1,
              "Shared Hit Blocks": 25,
              "Shared Read Blocks": 0,
              "Shared Dirtied Blocks": 0,
              "Shared Written Blocks": 0,
              "Local Hit Blocks": 0,
              "Local Read Blocks": 0,
              "Local Dirtied Blocks": 0,
              "Local Written Blocks": 0,
              "Temp Read Blocks": 0,
              "Temp Written Blocks": 0,
              "Plans": [
                {
                  "Node Type": "Index Scan",
                  "Parent Relationship": "child",
                  "Parallel Aware": false,
                  "Async Capable": false,
                  "Scan Direction": "Forward",
                  "Index Name": "_hyper_1_14_chunk_idx_sensor_readings_device_metric_time",
                  "Relation Name": "_hyper_1_14_chunk",
                  "Alias": "_hyper_1_14_chunk",
                  "Startup Cost": 0.42,
                  "Total Cost": 7133.85,
                  "Plan Rows": 86823,
                  "Plan Width": 20,
                  "Actual Startup Time": 0.030,
                  "Actual Total Time": 0.143,
                  "Actual Rows": 5,
                  "Actual Loops": 1,
                  "Index Cond": "(metric = 'cpu'::text)",
                  "Rows Removed by Index Recheck": 0,
                  "Shared Hit Blocks": 25,
                  "Shared Read Blocks": 0,
                  "Shared Dirtied Blocks": 0,
                  "Shared Written Blocks": 0,
                  "Local Hit Blocks": 0,
                  "Local Read Blocks": 0,
                  "Local Dirtied Blocks": 0,
                  "Local Written Blocks": 0,
                  "Temp Read Blocks": 0,
                  "Temp Written Blocks": 0
                }
              ]
            },
            {
              "Node Type": "Custom Scan",
              "Parent Relationship": "Member",
              "Custom Plan Provider": "SkipScan",
              "Parallel Aware": false,
              "Async Capable": false,
              "Relation Name": "_hyper_1_15_chunk",
              "Alias": "_hyper_1_15_chunk",
              "Startup Cost": 0.42,
              "Total Cost": 2.51,
              "Plan Rows": 5,
              "Plan Width": 20,
              "Actual Startup Time": 0.065,
              "Actual Total Time": 0.225,
              "Actual Rows": 5,
              "Actual Loops": 1,
              "Shared Hit Blocks": 25,
              "Shared Read Blocks": 0,
              "Shared Dirtied Blocks": 0,
              "Shared Written Blocks": 0,
              "Local Hit Blocks": 0,
              "Local Read Blocks": 0,
              "Local Dirtied Blocks": 0,
              "Local Written Blocks": 0,
              "Temp Read Blocks": 0,
              "Temp Written Blocks": 0,
              "Plans": [
                {
                  "Node Type": "Index Scan",
                  "Parent Relationship": "child",
                  "Parallel Aware": false,
                  "Async Capable": false,
                  "Scan Direction": "Forward",
                  "Index Name": "_hyper_1_15_chunk_idx_sensor_readings_device_metric_time",
                  "Relation Name": "_hyper_1_15_chunk",
                  "Alias": "_hyper_1_15_chunk",
                  "Startup Cost": 0.42,
                  "Total Cost": 7128.98,
                  "Plan Rows": 86547,
                  "Plan Width": 20,
                  "Actual Startup Time": 0.064,
                  "Actual Total Time": 0.221,
                  "Actual Rows": 5,
                  "Actual Loops": 1,
                  "Index Cond": "(metric = 'cpu'::text)",
                  "Rows Removed by Index Recheck": 0,
                  "Shared Hit Blocks": 25,
                  "Shared Read Blocks": 0,
                  "Shared Dirtied Blocks": 0,
                  "Shared Written Blocks": 0,
                  "Local Hit Blocks": 0,
                  "Local Read Blocks": 0,
                  "Local Dirtied Blocks": 0,
                  "Local Written Blocks": 0,
                  "Temp Read Blocks": 0,
                  "Temp Written Blocks": 0
                }
              ]
            },
            {
              "Node Type": "Custom Scan",
              "Parent Relationship": "Member",
              "Custom Plan Provider": "SkipScan",
              "Parallel Aware": false,
              "Async Capable": false,
              "Relation Name": "_hyper_1_16_chunk",
              "Alias": "_hyper_1_16_chunk",
              "Startup Cost": 0.42,
              "Total Cost": 2.51,
              "Plan Rows": 5,
              "Plan Width": 20,
              "Actual Startup Time": 0.038,
              "Actual Total Time": 0.174,
              "Actual Rows": 5,
              "Actual Loops": 1,
              "Shared Hit Blocks": 25,
              "Shared Read Blocks": 0,
              "Shared Dirtied Blocks": 0,
              "Shared Written Blocks": 0,
              "Local Hit Blocks": 0,
              "Local Read Blocks": 0,
              "Local Dirtied Blocks": 0,
              "Local Written Blocks": 0,
              "Temp Read Blocks": 0,
              "Temp Written Blocks": 0,
              "Plans": [
                {
                  "Node Type": "Index Scan",
                  "Parent Relationship": "child",
                  "Parallel Aware": false,
                  "Async Capable": false,
                  "Scan Direction": "Forward",
                  "Index Name": "_hyper_1_16_chunk_idx_sensor_readings_device_metric_time",
                  "Relation Name": "_hyper_1_16_chunk",
                  "Alias": "_hyper_1_16_chunk",
                  "Startup Cost": 0.42,
                  "Total Cost": 7128.98,
                  "Plan Rows": 86253,
                  "Plan Width": 20,
                  "Actual Startup Time": 0.038,
                  "Actual Total Time": 0.171,
                  "Actual Rows": 5,
                  "Actual Loops": 1,
                  "Index Cond": "(metric = 'cpu'::text)",
                  "Rows Removed by Index Recheck": 0,
                  "Shared Hit Blocks": 25,
                  "Shared Read Blocks": 0,
                  "Shared Dirtied Blocks": 0,
                  "Shared Written Blocks": 0,
                  "Local Hit Blocks": 0,
                  "Local Read Blocks": 0,
                  "Local Dirtied Blocks": 0,
                  "Local Written Blocks": 0,
                  "Temp Read Blocks": 0,
                  "Temp Written Blocks": 0
                }
              ]
            },
            {
              "Node Type": "Custom Scan",
              "Parent Relationship": "Member",
              "Custom Plan Provider": "SkipScan",
              "Parallel Aware": false,
              "Async Capable": false,
              "Relation Name": "_hyper_1_17_chunk",
              "Alias": "_hyper_1_17_chunk",
              "Startup Cost": 0.42,
              "Total Cost": 2.51,
              "Plan Rows": 5,
              "Plan Width": 20,
              "Actual Startup Time": 0.025,
              "Actual Total Time": 0.136,
              "Actual Rows": 5,
              "Actual Loops": 1,
              "Shared Hit Blocks": 25,
              "Shared Read Blocks": 0,
              "Shared Dirtied Blocks": 0,
              "Shared Written Blocks": 0,
              "Local Hit Blocks": 0,
              "Local Read Blocks": 0,
              "Local Dirtied Blocks": 0,
              "Local Written Blocks": 0,
              "Temp Read Blocks": 0,
              "Temp Written Blocks": 0,
              "Plans": [
                {
                  "Node Type": "Index Scan",
                  "Parent Relationship": "child",
                  "Parallel Aware": false,
                  "Async Capable": false,
                  "Scan Direction": "Forward",
                  "Index Name": "_hyper_1_17_chunk_idx_sensor_readings_device_metric_time",
                  "Relation Name": "_hyper_1_17_chunk",
                  "Alias": "_hyper_1_17_chunk",
                  "Startup Cost": 0.42,
                  "Total Cost": 7139.37,
                  "Plan Rows": 87255,
                  "Plan Width": 20,
                  "Actual Startup Time": 0.025,
                  "Actual Total Time": 0.132,
                  "Actual Rows": 5,
                  "Actual Loops": 1,
                  "Index Cond": "(metric = 'cpu'::text)",
                  "Rows Removed by Index Recheck": 0,
                  "Shared Hit Blocks": 25,
                  "Shared Read Blocks": 0,
                  "Shared Dirtied Blocks": 0,
                  "Shared Written Blocks": 0,
                  "Local Hit Blocks": 0,
                  "Local Read Blocks": 0,
                  "Local Dirtied Blocks": 0,
                  "Local Written Blocks": 0,
                  "Temp Read Blocks": 0,
                  "Temp Written Blocks": 0
                }
              ]
            },
            {
              "Node Type": "Custom Scan",
              "Parent Relationship": "Member",
              "Custom Plan Provider": "SkipScan",
              "Parallel Aware": false,
              "Async Capable": false,
              "Relation Name": "_hyper_1_18_chunk",
              "Alias": "_hyper_1_18_chunk",
              "Startup Cost": 0.42,
              "Total Cost": 2.51,
              "Plan Rows": 5,
              "Plan Width": 20,
              "Actual Startup Time": 0.028,
              "Actual Total Time": 0.110,
              "Actual Rows": 5,
              "Actual Loops": 1,
              "Shared Hit Blocks": 25,
              "Shared Read Blocks": 0,
              "Shared Dirtied Blocks": 0,
              "Shared Written Blocks": 0,
              "Local Hit Blocks": 0,
              "Local Read Blocks": 0,
              "Local Dirtied Blocks": 0,
              "Local Written Blocks": 0,
              "Temp Read Blocks": 0,
              "Temp Written Blocks": 0,
              "Plans": [
                {
                  "Node Type": "Index Scan",
                  "Parent Relationship": "child",
                  "Parallel Aware": false,
                  "Async Capable": false,
                  "Scan Direction": "Forward",
                  "Index Name": "_hyper_1_18_chunk_idx_sensor_readings_device_metric_time",
                  "Relation Name": "_hyper_1_18_chunk",
                  "Alias": "_hyper_1_18_chunk",
                  "Startup Cost": 0.42,
                  "Total Cost": 7149.00,
                  "Plan Rows": 88059,
                  "Plan Width": 20,
                  "Actual Startup Time": 0.027,
                  "Actual Total Time": 0.107,
                  "Actual Rows": 5,
                  "Actual Loops": 1,
                  "Index Cond": "(metric = 'cpu'::text)",
                  "Rows Removed by Index Recheck": 0,
                  "Shared Hit Blocks": 25,
                  "Shared Read Blocks": 0,
                  "Shared Dirtied Blocks": 0,
                  "Shared Written Blocks": 0,
                  "Local Hit Blocks": 0,
                  "Local Read Blocks": 0,
                  "Local Dirtied Blocks": 0,
                  "Local Written Blocks": 0,
                  "Temp Read Blocks": 0,
                  "Temp Written Blocks": 0
                }
              ]
            },
            {
              "Node Type": "Custom Scan",
              "Parent Relationship": "Member",
              "Custom Plan Provider": "SkipScan",
              "Parallel Aware": false,
              "Async Capable": false,
              "Relation Name": "_hyper_1_19_chunk",
              "Alias": "_hyper_1_19_chunk",
              "Startup Cost": 0.42,
              "Total Cost": 2.51,
              "Plan Rows": 5,
              "Plan Width": 20,
              "Actual Startup Time": 0.063,
              "Actual Total Time": 0.200,
              "Actual Rows": 5,
              "Actual Loops": 1,
              "Shared Hit Blocks": 25,
              "Shared Read Blocks": 0,
              "Shared Dirtied Blocks": 0,
              "Shared Written Blocks": 0,
              "Local Hit Blocks": 0,
              "Local Read Blocks": 0,
              "Local Dirtied Blocks": 0,
              "Local Written Blocks": 0,
              "Temp Read Blocks": 0,
              "Temp Written Blocks": 0,
              "Plans": [
                {
                  "Node Type": "Index Scan",
                  "Parent Relationship": "child",
                  "Parallel Aware": false,
                  "Async Capable": false,
                  "Scan Direction": "Forward",
                  "Index Name": "_hyper_1_19_chunk_idx_sensor_readings_device_metric_time",
                  "Relation Name": "_hyper_1_19_chunk",
                  "Alias": "_hyper_1_19_chunk",
                  "Startup Cost": 0.42,
                  "Total Cost": 7135.58,
                  "Plan Rows": 86590,
                  "Plan Width": 20,
                  "Actual Startup Time": 0.063,
                  "Actual Total Time": 0.196,
                  "Actual Rows": 5,
                  "Actual Loops": 1,
                  "Index Cond": "(metric = 'cpu'::text)",
                  "Rows Removed by Index Recheck": 0,
                  "Shared Hit Blocks": 25,
                  "Shared Read Blocks": 0,
                  "Shared Dirtied Blocks": 0,
                  "Shared Written Blocks": 0,
                  "Local Hit Blocks": 0,
                  "Local Read Blocks": 0,
                  "Local Dirtied Blocks": 0,
                  "Local Written Blocks": 0,
                  "Temp Read Blocks": 0,
                  "Temp Written Blocks": 0
                }
              ]
            },
            {
              "Node Type": "Custom Scan",
              "Parent Relationship": "Member",
              "Custom Plan Provider": "SkipScan",
              "Parallel Aware": false,
              "Async Capable": false,
              "Relation Name": "_hyper_1_20_chunk",
              "Alias": "_hyper_1_20_chunk",
              "Startup Cost": 0.42,
              "Total Cost": 2.51,
              "Plan Rows": 5,
              "Plan Width": 20,
              "Actual Startup Time": 0.031,
              "Actual Total Time": 0.192,
              "Actual Rows": 5,
              "Actual Loops": 1,
              "Shared Hit Blocks": 25,
              "Shared Read Blocks": 0,
              "Shared Dirtied Blocks": 0,
              "Shared Written Blocks": 0,
              "Local Hit Blocks": 0,
              "Local Read Blocks": 0,
              "Local Dirtied Blocks": 0,
              "Local Written Blocks": 0,
              "Temp Read Blocks": 0,
              "Temp Written Blocks": 0,
              "Plans": [
                {
                  "Node Type": "Index Scan",
                  "Parent Relationship": "child",
                  "Parallel Aware": false,
                  "Async Capable": false,
                  "Scan Direction": "Forward",
                  "Index Name": "_hyper_1_20_chunk_idx_sensor_readings_device_metric_time",
                  "Relation Name": "_hyper_1_20_chunk",
                  "Alias": "_hyper_1_20_chunk",
                  "Startup Cost": 0.42,
                  "Total Cost": 7125.92,
                  "Plan Rows": 85856,
                  "Plan Width": 20,
                  "Actual Startup Time": 0.031,
                  "Actual Total Time": 0.188,
                  "Actual Rows": 5,
                  "Actual Loops": 1,
                  "Index Cond": "(metric = 'cpu'::text)",
                  "Rows Removed by Index Recheck": 0,
                  "Shared Hit Blocks": 25,
                  "Shared Read Blocks": 0,
                  "Shared Dirtied Blocks": 0,
                  "Shared Written Blocks": 0,
                  "Local Hit Blocks": 0,
                  "Local Read Blocks": 0,
                  "Local Dirtied Blocks": 0,
                  "Local Written Blocks": 0,
                  "Temp Read Blocks": 0,
                  "Temp Written Blocks": 0
                }
              ]
            },
            {
              "Node Type": "Custom Scan",
              "Parent Relationship": "Member",
              "Custom Plan Provider": "SkipScan",
              "Parallel Aware": false,
              "Async Capable": false,
              "Relation Name": "_hyper_1_21_chunk",
              "Alias": "_hyper_1_21_chunk",
              "Startup Cost": 0.42,
              "Total Cost": 2.51,
              "Plan Rows": 5,
              "Plan Width": 20,
              "Actual Startup Time": 0.046,
              "Actual Total Time": 0.166,
              "Actual Rows": 5,
              "Actual Loops": 1,
              "Shared Hit Blocks": 25,
              "Shared Read Blocks": 0,
              "Shared Dirtied Blocks": 0,
              "Shared Written Blocks": 0,
              "Local Hit Blocks": 0,
              "Local Read Blocks": 0,
              "Local Dirtied Blocks": 0,
              "Local Written Blocks": 0,
              "Temp Read Blocks": 0,
              "Temp Written Blocks": 0,
              "Plans": [
                {
                  "Node Type": "Index Scan",
                  "Parent Relationship": "child",
                  "Parallel Aware": false,
                  "Async Capable": false,
                  "Scan Direction": "Forward",
                  "Index Name": "_hyper_1_21_chunk_idx_sensor_readings_device_metric_time",
                  "Relation Name": "_hyper_1_21_chunk",
                  "Alias": "_hyper_1_21_chunk",
                  "Startup Cost": 0.42,
                  "Total Cost": 7124.29,
                  "Plan Rows": 85951,
                  "Plan Width": 20,
                  "Actual Startup Time": 0.045,
                  "Actual Total Time": 0.162,
                  "Actual Rows": 5,
                  "Actual Loops": 1,
                  "Index Cond": "(metric = 'cpu'::text)",
                  "Rows Removed by Index Recheck": 0,
                  "Shared Hit Blocks": 25,
                  "Shared Read Blocks": 0,
                  "Shared Dirtied Blocks": 0,
                  "Shared Written Blocks": 0,
                  "Local Hit Blocks": 0,
                  "Local Read Blocks": 0,
                  "Local Dirtied Blocks": 0,
                  "Local Written Blocks": 0,
                  "Temp Read Blocks": 0,
                  "Temp Written Blocks": 0
                }
              ]
            },
            {
              "Node Type": "Custom Scan",
              "Parent Relationship": "Member",
              "Custom Plan Provider": "SkipScan",
              "Parallel Aware": false,
              "Async Capable": false,
              "Relation Name": "_hyper_1_22_chunk",
              "Alias": "_hyper_1_22_chunk",
              "Startup Cost": 0.42,
              "Total Cost": 2.50,
              "Plan Rows": 5,
              "Plan Width": 20,
              "Actual Startup Time": 0.031,
              "Actual Total Time": 0.205,
              "Actual Rows": 5,
              "Actual Loops": 1,
              "Shared Hit Blocks": 25,
              "Shared Read Blocks": 0,
              "Shared Dirtied Blocks": 0,
              "Shared Written Blocks": 0,
              "Local Hit Blocks": 0,
              "Local Read Blocks": 0,
              "Local Dirtied Blocks": 0,
              "Local Written Blocks": 0,
              "Temp Read Blocks": 0,
              "Temp Written Blocks": 0,
              "Plans": [
                {
                  "Node Type": "Index Scan",
                  "Parent Relationship": "child",
                  "Parallel Aware": false,
                  "Async Capable": false,
                  "Scan Direction": "Forward",
                  "Index Name": "_hyper_1_22_chunk_idx_sensor_readings_device_metric_time",
                  "Relation Name": "_hyper_1_22_chunk",
                  "Alias": "_hyper_1_22_chunk",
                  "Startup Cost": 0.42,
                  "Total Cost": 7146.27,
                  "Plan Rows": 88240,
                  "Plan Width": 20,
                  "Actual Startup Time": 0.031,
                  "Actual Total Time": 0.201,
                  "Actual Rows": 5,
                  "Actual Loops": 1,
                  "Index Cond": "(metric = 'cpu'::text)",
                  "Rows Removed by Index Recheck": 0,
                  "Shared Hit Blocks": 25,
                  "Shared Read Blocks": 0,
                  "Shared Dirtied Blocks": 0,
                  "Shared Written Blocks": 0,
                  "Local Hit Blocks": 0,
                  "Local Read Blocks": 0,
                  "Local Dirtied Blocks": 0,
                  "Local Written Blocks": 0,
                  "Temp Read Blocks": 0,
                  "Temp Written Blocks": 0
                }
              ]
            },
            {
              "Node Type": "Custom Scan",
              "Parent Relationship": "Member",
              "Custom Plan Provider": "SkipScan",
              "Parallel Aware": false,
              "Async Capable": false,
              "Relation Name": "_hyper_1_23_chunk",
              "Alias": "_hyper_1_23_chunk",
              "Startup Cost": 0.42,
              "Total Cost": 2.51,
              "Plan Rows": 5,
              "Plan Width": 20,
              "Actual Startup Time": 0.031,
              "Actual Total Time": 0.151,
              "Actual Rows": 5,
              "Actual Loops": 1,
              "Shared Hit Blocks": 25,
              "Shared Read Blocks": 0,
              "Shared Dirtied Blocks": 0,
              "Shared Written Blocks": 0,
              "Local Hit Blocks": 0,
              "Local Read Blocks": 0,
              "Local Dirtied Blocks": 0,
              "Local Written Blocks": 0,
              "Temp Read Blocks": 0,
              "Temp Written Blocks": 0,
              "Plans": [
                {
                  "Node Type": "Index Scan",
                  "Parent Relationship": "child",
                  "Parallel Aware": false,
                  "Async Capable": false,
                  "Scan Direction": "Forward",
                  "Index Name": "_hyper_1_23_chunk_idx_sensor_readings_device_metric_time",
                  "Relation Name": "_hyper_1_23_chunk",
                  "Alias": "_hyper_1_23_chunk",
                  "Startup Cost": 0.42,
                  "Total Cost": 7144.91,
                  "Plan Rows": 87679,
                  "Plan Width": 20,
                  "Actual Startup Time": 0.031,
                  "Actual Total Time": 0.148,
                  "Actual Rows": 5,
                  "Actual Loops": 1,
                  "Index Cond": "(metric = 'cpu'::text)",
                  "Rows Removed by Index Recheck": 0,
                  "Shared Hit Blocks": 25,
                  "Shared Read Blocks": 0,
                  "Shared Dirtied Blocks": 0,
                  "Shared Written Blocks": 0,
                  "Local Hit Blocks": 0,
                  "Local Read Blocks": 0,
                  "Local Dirtied Blocks": 0,
                  "Local Written Blocks": 0,
                  "Temp Read Blocks": 0,
                  "Temp Written Blocks": 0
                }
              ]
            },
            {
              "Node Type": "Custom Scan",
              "Parent Relationship": "Member",
              "Custom Plan Provider": "SkipScan",
              "Parallel Aware": false,
              "Async Capable": false,
              "Relation Name": "_hyper_1_24_chunk",
              "Alias": "_hyper_1_24_chunk",
              "Startup Cost": 0.42,
              "Total Cost": 2.51,
              "Plan Rows": 5,
              "Plan Width": 20,
              "Actual Startup Time": 0.036,
              "Actual Total Time": 0.178,
              "Actual Rows": 5,
              "Actual Loops": 1,
              "Shared Hit Blocks": 26,
              "Shared Read Blocks": 0,
              "Shared Dirtied Blocks": 0,
              "Shared Written Blocks": 0,
              "Local Hit Blocks": 0,
              "Local Read Blocks": 0,
              "Local Dirtied Blocks": 0,
              "Local Written Blocks": 0,
              "Temp Read Blocks": 0,
              "Temp Written Blocks": 0,
              "Plans": [
                {
                  "Node Type": "Index Scan",
                  "Parent Relationship": "child",
                  "Parallel Aware": false,
                  "Async Capable": false,
                  "Scan Direction": "Forward",
                  "Index Name": "_hyper_1_24_chunk_idx_sensor_readings_device_metric_time",
                  "Relation Name": "_hyper_1_24_chunk",
                  "Alias": "_hyper_1_24_chunk",
                  "Startup Cost": 0.42,
                  "Total Cost": 4949.35,
                  "Plan Rows": 59722,
                  "Plan Width": 20,
                  "Actual Startup Time": 0.036,
                  "Actual Total Time": 0.175,
                  "Actual Rows": 5,
                  "Actual Loops": 1,
                  "Index Cond": "(metric = 'cpu'::text)",
                  "Rows Removed by Index Recheck": 0,
                  "Shared Hit Blocks": 26,
                  "Shared Read Blocks": 0,
                  "Shared Dirtied Blocks": 0,
                  "Shared Written Blocks": 0,
                  "Local Hit Blocks": 0,
                  "Local Read Blocks": 0,
                  "Local Dirtied Blocks": 0,
                  "Local Written Blocks": 0,
                  "Temp Read Blocks": 0,
                  "Temp Written Blocks": 0
                }
              ]
            }
          ]
        }
      ]
    },
    "Planning": {
      "Shared Hit Blocks": 1705,
      "Shared Read Blocks": 0,
      "Shared Dirtied Blocks": 0,
      "Shared Written Blocks": 0,
      "Local Hit Blocks": 0,
      "Local Read Blocks": 0,
      "Local Dirtied Blocks": 0,
      "Local Written Blocks": 0,
      "Temp Read Blocks": 0,
      "Temp Written Blocks": 0
    },
    "Planning Time": 17.106,
    "Triggers": [
    ],
    "Execution Time": 2.739
  }
]
