[
  {
    "Plan": {
      "Node Type": "Unique",
      "Parallel Aware": false,
      "Async Capable": false,
      "Startup Cost": 0.43,
      "Total Cost": 2.51,
      "Plan Rows": 5,
      "Plan Width": 20,
      "Actual Startup Time": 0.063,
      "Actual Total Time": 0.301,
      "Actual Rows": 5,
      "Actual Loops": 1,
      "Shared Hit Blocks": 23,
      "Shared Read Blocks": 0,
      "Shared Dirtied Blocks": 0,
      "Shared Written Blocks": 0,
      "Local Hit Blocks": 0,
      "Local Read Blocks": 0,
      "Local Dirtied Blocks": 0,
      "Local Written Blocks": 0,
      "Temp Read Blocks": 0,
      "Temp Written Blocks": 0,
      "Plans": [
        {
          "Node Type": "Custom Scan",
          "Parent Relationship": "Outer",
          "Custom Plan Provider": "SkipScan",
          "Parallel Aware": false,
          "Async Capable": false,
          "Relation Name": "sensor_plain",
          "Alias": "sensor_plain",
          "Startup Cost": 0.43,
          "Total Cost": 2.50,
          "Plan Rows": 5,
          "Plan Width": 20,
          "Actual Startup Time": 0.062,
          "Actual Total Time": 0.296,
          "Actual Rows": 5,
          "Actual Loops": 1,
          "Shared Hit Blocks": 23,
          "Shared Read Blocks": 0,
          "Shared Dirtied Blocks": 0,
          "Shared Written Blocks": 0,
          "Local Hit Blocks": 0,
          "Local Read Blocks": 0,
          "Local Dirtied Blocks": 0,
          "Local Written Blocks": 0,
          "Temp Read Blocks": 0,
          "Temp Written Blocks": 0,
          "Plans": [
            {
              "Node Type": "Index Scan",
              "Parent Relationship": "child",
              "Parallel Aware": false,
              "Async Capable": false,
              "Scan Direction": "Forward",
              "Index Name": "idx_sensor_plain_device_metric_time",
              "Relation Name": "sensor_plain",
              "Alias": "sensor_plain",
              "Startup Cost": 0.43,
              "Total Cost": 70453.39,
              "Plan Rows": 1001200,
              "Plan Width": 20,
              "Actual Startup Time": 0.061,
              "Actual Total Time": 0.293,
              "Actual Rows": 5,
              "Actual Loops": 1,
              "Index Cond": "(metric = 'cpu'::text)",
              "Rows Removed by Index Recheck": 0,
              "Shared Hit Blocks": 23,
              "Shared Read Blocks": 0,
              "Shared Dirtied Blocks": 0,
              "Shared Written Blocks": 0,
              "Local Hit Blocks": 0,
              "Local Read Blocks": 0,
              "Local Dirtied Blocks": 0,
              "Local Written Blocks": 0,
              "Temp Read Blocks": 0,
              "Temp Written Blocks": 0
            }
          ]
        }
      ]
    },
    "Planning": {
      "Shared Hit Blocks": 483,
      "Shared Read Blocks": 0,
      "Shared Dirtied Blocks": 0,
      "Shared Written Blocks": 0,
      "Local Hit Blocks": 0,
      "Local Read Blocks": 0,
      "Local Dirtied Blocks": 0,
      "Local Written Blocks": 0,
      "Temp Read Blocks": 0,
      "Temp Written Blocks": 0
    },
    "Planning Time": 4.478,
    "Triggers": [
    ],
    "Execution Time": 0.446
  }
]
