[
  {
    "Plan": {
      "Node Type": "Limit",
      "Parallel Aware": false,
      "Async Capable": false,
      "Startup Cost": 0.29,
      "Total Cost": 19.41,
      "Plan Rows": 100,
      "Plan Width": 16,
      "Actual Startup Time": 0.030,
      "Actual Total Time": 0.254,
      "Actual Rows": 100,
      "Actual Loops": 1,
      "Shared Hit Blocks": 9,
      "Shared Read Blocks": 0,
      "Shared Dirtied Blocks": 0,
      "Shared Written Blocks": 0,
      "Local Hit Blocks": 0,
      "Local Read Blocks": 0,
      "Local Dirtied Blocks": 0,
      "Local Written Blocks": 0,
      "Temp Read Blocks": 0,
      "Temp Written Blocks": 0,
      "Plans": [
        {
          "Node Type": "Custom Scan",
          "Parent Relationship": "Outer",
          "Custom Plan Provider": "ChunkAppend",
          "Parallel Aware": false,
          "Async Capable": false,
          "Relation Name": "sensor_wide",
          "Alias": "sensor_wide",
          "Startup Cost": 0.29,
          "Total Cost": 38.90,
          "Plan Rows": 202,
          "Plan Width": 16,
          "Actual Startup Time": 0.028,
          "Actual Total Time": 0.245,
          "Actual Rows": 100,
          "Actual Loops": 1,
          "Order": ["sensor_wide.\"time\" DESC"],
          "Startup Exclusion": true,
          "Runtime Exclusion": false,
          "Chunks excluded during startup": 0,
          "Shared Hit Blocks": 9,
          "Shared Read Blocks": 0,
          "Shared Dirtied Blocks": 0,
          "Shared Written Blocks": 0,
          "Local Hit Blocks": 0,
          "Local Read Blocks": 0,
          "Local Dirtied Blocks": 0,
          "Local Written Blocks": 0,
          "Temp Read Blocks": 0,
          "Temp Written Blocks": 0,
          "Plans": [
            {
              "Node Type": "Index Scan",
              "Parent Relationship": "child",
              "Parallel Aware": false,
              "Async Capable": false,
              "Scan Direction": "Forward",
              "Index Name": "_hyper_2_12_chunk_sensor_wide_time_idx",
              "Relation Name": "_hyper_2_12_chunk",
              "Alias": "_hyper_2_12_chunk",
              "Startup Cost": 0.29,
              "Total Cost": 38.90,
              "Plan Rows": 202,
              "Plan Width": 16,
              "Actual Startup Time": 0.027,
              "Actual Total Time": 0.235,
              "Actual Rows": 100,
              "Actual Loops": 1,
              "Index Cond": "(\"time\" > (now() - '01:00:00'::interval))",
              "Rows Removed by Index Recheck": 0,
              "Filter": "(device_id = 1)",
              "Rows Removed by Filter": 400,
              "Shared Hit Blocks": 9,
              "Shared Read Blocks": 0,
              "Shared Dirtied Blocks": 0,
              "Shared Written Blocks": 0,
              "Local Hit Blocks": 0,
              "Local Read Blocks": 0,
              "Local Dirtied Blocks": 0,
              "Local Written Blocks": 0,
              "Temp Read Blocks": 0,
              "Temp Written Blocks": 0
            }
          ]
        }
      ]
    },
    "Planning": {
      "Shared Hit Blocks": 749,
      "Shared Read Blocks": 0,
      "Shared Dirtied Blocks": 0,
      "Shared Written Blocks": 0,
      "Local Hit Blocks": 0,
      "Local Read Blocks": 0,
      "Local Dirtied Blocks": 0,
      "Local Written Blocks": 0,
      "Temp Read Blocks": 0,
      "Temp Written Blocks": 0
    },
    "Planning Time": 7.823,
    "Triggers": [
    ],
    "Execution Time": 0.342
  }
]
