[
  {
    "Plan": {
      "Node Type": "Limit",
      "Parallel Aware": false,
      "Async Capable": false,
      "Startup Cost": 0.42,
      "Total Cost": 103.09,
      "Plan Rows": 100,
      "Plan Width": 16,
      "Actual Startup Time": 0.067,
      "Actual Total Time": 0.140,
      "Actual Rows": 100,
      "Actual Loops": 1,
      "Shared Hit Blocks": 7,
      "Shared Read Blocks": 0,
      "Shared Dirtied Blocks": 0,
      "Shared Written Blocks": 0,
      "Local Hit Blocks": 0,
      "Local Read Blocks": 0,
      "Local Dirtied Blocks": 0,
      "Local Written Blocks": 0,
      "Temp Read Blocks": 0,
      "Temp Written Blocks": 0,
      "Plans": [
        {
          "Node Type": "Custom Scan",
          "Parent Relationship": "Outer",
          "Custom Plan Provider": "ChunkAppend",
          "Parallel Aware": false,
          "Async Capable": false,
          "Relation Name": "sensor_readings",
          "Alias": "sensor_readings",
          "Startup Cost": 0.42,
          "Total Cost": 225.26,
          "Plan Rows": 219,
          "Plan Width": 16,
          "Actual Startup Time": 0.066,
          "Actual Total Time": 0.132,
          "Actual Rows": 100,
          "Actual Loops": 1,
          "Order": ["sensor_readings.\"time\" DESC"],
          "Startup Exclusion": true,
          "Runtime Exclusion": false,
          "Chunks excluded during startup": 0,
          "Shared Hit Blocks": 7,
          "Shared Read Blocks": 0,
          "Shared Dirtied Blocks": 0,
          "Shared Written Blocks": 0,
          "Local Hit Blocks": 0,
          "Local Read Blocks": 0,
          "Local Dirtied Blocks": 0,
          "Local Written Blocks": 0,
          "Temp Read Blocks": 0,
          "Temp Written Blocks": 0,
          "Plans": [
            {
              "Node Type": "Index Scan",
              "Parent Relationship": "child",
              "Parallel Aware": false,
              "Async Capable": false,
              "Scan Direction": "Forward",
              "Index Name": "_hyper_1_24_chunk_idx_sensor_readings_device_metric_time",
              "Relation Name": "_hyper_1_24_chunk",
              "Alias": "_hyper_1_24_chunk",
              "Startup Cost": 0.42,
              "Total Cost": 225.26,
              "Plan Rows": 219,
              "Plan Width": 16,
              "Actual Startup Time": 0.065,
              "Actual Total Time": 0.123,
              "Actual Rows": 100,
              "Actual Loops": 1,
              "Index Cond": "((device_id = 1) AND (metric = 'cpu'::text) AND (\"time\" > (now() - '01:00:00'::interval)))",
              "Rows Removed by Index Recheck": 0,
              "Shared Hit Blocks": 7,
              "Shared Read Blocks": 0,
              "Shared Dirtied Blocks": 0,
              "Shared Written Blocks": 0,
              "Local Hit Blocks": 0,
              "Local Read Blocks": 0,
              "Local Dirtied Blocks": 0,
              "Local Written Blocks": 0,
              "Temp Read Blocks": 0,
              "Temp Written Blocks": 0
            }
          ]
        }
      ]
    },
    "Planning": {
      "Shared Hit Blocks": 784,
      "Shared Read Blocks": 0,
      "Shared Dirtied Blocks": 0,
      "Shared Written Blocks": 0,
      "Local Hit Blocks": 0,
      "Local Read Blocks": 0,
      "Local Dirtied Blocks": 0,
      "Local Written Blocks": 0,
      "Temp Read Blocks": 0,
      "Temp Written Blocks": 0
    },
    "Planning Time": 10.179,
    "Triggers": [
    ],
    "Execution Time": 0.225
  }
]
