[
  {
    "Plan": {
      "Node Type": "Limit",
      "Parallel Aware": false,
      "Async Capable": false,
      "Startup Cost": 0.43,
      "Total Cost": 110.70,
      "Plan Rows": 100,
      "Plan Width": 16,
      "Actual Startup Time": 0.161,
      "Actual Total Time": 0.209,
      "Actual Rows": 100,
      "Actual Loops": 1,
      "Shared Hit Blocks": 7,
      "Shared Read Blocks": 0,
      "Shared Dirtied Blocks": 0,
      "Shared Written Blocks": 0,
      "Local Hit Blocks": 0,
      "Local Read Blocks": 0,
      "Local Dirtied Blocks": 0,
      "Local Written Blocks": 0,
      "Temp Read Blocks": 0,
      "Temp Written Blocks": 0,
      "Plans": [
        {
          "Node Type": "Index Scan",
          "Parent Relationship": "Outer",
          "Parallel Aware": false,
          "Async Capable": false,
          "Scan Direction": "Forward",
          "Index Name": "idx_sensor_plain_device_metric_time",
          "Relation Name": "sensor_plain",
          "Alias": "sensor_plain",
          "Startup Cost": 0.43,
          "Total Cost": 195.60,
          "Plan Rows": 177,
          "Plan Width": 16,
          "Actual Startup Time": 0.160,
          "Actual Total Time": 0.199,
          "Actual Rows": 100,
          "Actual Loops": 1,
          "Index Cond": "((device_id = 1) AND (metric = 'cpu'::text) AND (\"time\" > (now() - '01:00:00'::interval)))",
          "Rows Removed by Index Recheck": 0,
          "Shared Hit Blocks": 7,
          "Shared Read Blocks": 0,
          "Shared Dirtied Blocks": 0,
          "Shared Written Blocks": 0,
          "Local Hit Blocks": 0,
          "Local Read Blocks": 0,
          "Local Dirtied Blocks": 0,
          "Local Written Blocks": 0,
          "Temp Read Blocks": 0,
          "Temp Written Blocks": 0
        }
      ]
    },
    "Planning": {
      "Shared Hit Blocks": 484,
      "Shared Read Blocks": 0,
      "Shared Dirtied Blocks": 0,
      "Shared Written Blocks": 0,
      "Local Hit Blocks": 0,
      "Local Read Blocks": 0,
      "Local Dirtied Blocks": 0,
      "Local Written Blocks": 0,
      "Temp Read Blocks": 0,
      "Temp Written Blocks": 0
    },
    "Planning Time": 4.551,
    "Triggers": [
    ],
    "Execution Time": 0.284
  }
]
